<?xml version="1.0" encoding="UTF-8"?>
<!-- Generated by org.testng.reporters.JUnitXMLReporter -->
<testsuite hostname="anton-stanev" tests="5" failures="0" timestamp="1 Aug 2014 07:54:06 GMT" time="31.817" errors="0">
  <testcase name="@AfterTest tearDown" time="0.0" classname="TestNGDDT">
    <failure type="java.lang.AssertionError" message="java.lang.AssertionError: expected [Obesityyyyyyyyyyyyyy] but found [Obesity]">
      <![CDATA[java.lang.AssertionError: java.lang.AssertionError: expected [Obesityyyyyyyyyyyyyy] but found [Obesity]
	at org.testng.Assert.fail(Assert.java:94)
	at TestNGDDT.tearDown(TestNGDDT.java:68)
	at sun.reflect.NativeMethodAccessorImpl.invoke0(Native Method)
	at sun.reflect.NativeMethodAccessorImpl.invoke(Unknown Source)
	at sun.reflect.DelegatingMethodAccessorImpl.invoke(Unknown Source)
	at java.lang.reflect.Method.invoke(Unknown Source)
	at org.testng.internal.MethodInvocationHelper.invokeMethod(MethodInvocationHelper.java:84)
	at org.testng.internal.Invoker.invokeConfigurationMethod(Invoker.java:564)
	at org.testng.internal.Invoker.invokeConfigurations(Invoker.java:213)
	at org.testng.internal.Invoker.invokeConfigurations(Invoker.java:138)
	at org.testng.TestRunner.afterRun(TestRunner.java:1014)
	at org.testng.TestRunner.run(TestRunner.java:621)
	at org.testng.SuiteRunner.runTest(SuiteRunner.java:334)
	at org.testng.SuiteRunner.runSequentially(SuiteRunner.java:329)
	at org.testng.SuiteRunner.privateRun(SuiteRunner.java:291)
	at org.testng.SuiteRunner.run(SuiteRunner.java:240)
	at org.testng.SuiteRunnerWorker.runSuite(SuiteRunnerWorker.java:52)
	at org.testng.SuiteRunnerWorker.run(SuiteRunnerWorker.java:86)
	at org.testng.TestNG.runSuitesSequentially(TestNG.java:1224)
	at org.testng.TestNG.runSuitesLocally(TestNG.java:1149)
	at org.testng.TestNG.run(TestNG.java:1057)
	at org.testng.remote.RemoteTestNG.run(RemoteTestNG.java:111)
	at org.testng.remote.RemoteTestNG.initAndRun(RemoteTestNG.java:204)
	at org.testng.remote.RemoteTestNG.main(RemoteTestNG.java:175)
]]>
    </failure>
  </testcase> <!-- @AfterTest tearDown -->
  <testcase name="testBMICalculator" time="2.064" classname="TestNGDDT"/>
  <testcase name="testBMICalculator" time="1.321" classname="TestNGDDT"/>
  <testcase name="testBMICalculator" time="0.792" classname="TestNGDDT"/>
  <testcase name="testBMICalculator" time="0.819" classname="TestNGDDT"/>
  <testcase name="testBMICalculator" time="0.853" classname="TestNGDDT"/>
</testsuite>
